==9895== Memcheck, a memory error detector
==9895== Copyright (C) 2002-2017, and GNU GPL'd, by Julian Seward et al.
==9895== Using Valgrind-3.18.1 and LibVEX; rerun with -h for copyright info
==9895== Command: ./42sh -c pwd\ |\ (ls\ -alh\ /)\ |\ (pwd|pwd)\ |\ {pwd;pwd}\ |\ {{pwd|pwd};pwd}\ |\ 2\>&1\ \>/dev/null\ ls\ .\ fdsfsa\ |\ \>a\ pwd\ |\ \>\>b\ pwd\ |\ (pwd\ &)\ |\ cd\ /\ |\ exit\ 31
==9895== Parent PID: 9774
==9895== 
==9896== 
==9896== HEAP SUMMARY:
==9896==     in use at exit: 4,072 bytes in 89 blocks
==9896==   total heap usage: 113 allocs, 24 frees, 4,764 bytes allocated
==9896== 
==9896== LEAK SUMMARY:
==9896==    definitely lost: 0 bytes in 0 blocks
==9896==    indirectly lost: 0 bytes in 0 blocks
==9896==      possibly lost: 0 bytes in 0 blocks
==9896==    still reachable: 4,072 bytes in 89 blocks
==9896==         suppressed: 0 bytes in 0 blocks
==9896== Rerun with --leak-check=full to see details of leaked memory
==9896== 
==9896== For lists of detected and suppressed errors, rerun with: -s
==9896== ERROR SUMMARY: 0 errors from 0 contexts (suppressed: 0 from 0)
==9897== 
==9897== HEAP SUMMARY:
==9897==     in use at exit: 4,072 bytes in 89 blocks
==9897==   total heap usage: 113 allocs, 24 frees, 4,764 bytes allocated
==9897== 
==9897== LEAK SUMMARY:
==9897==    definitely lost: 0 bytes in 0 blocks
==9897==    indirectly lost: 0 bytes in 0 blocks
==9897==      possibly lost: 0 bytes in 0 blocks
==9897==    still reachable: 4,072 bytes in 89 blocks
==9897==         suppressed: 0 bytes in 0 blocks
==9897== Rerun with --leak-check=full to see details of leaked memory
==9897== 
==9897== For lists of detected and suppressed errors, rerun with: -s
==9897== ERROR SUMMARY: 0 errors from 0 contexts (suppressed: 0 from 0)
==9898== 
==9898== HEAP SUMMARY:
==9898==     in use at exit: 4,072 bytes in 89 blocks
==9898==   total heap usage: 113 allocs, 24 frees, 4,764 bytes allocated
==9898== 
==9898== LEAK SUMMARY:
==9898==    definitely lost: 0 bytes in 0 blocks
==9898==    indirectly lost: 0 bytes in 0 blocks
==9898==      possibly lost: 0 bytes in 0 blocks
==9898==    still reachable: 4,072 bytes in 89 blocks
==9898==         suppressed: 0 bytes in 0 blocks
==9898== Rerun with --leak-check=full to see details of leaked memory
==9898== 
==9898== For lists of detected and suppressed errors, rerun with: -s
==9898== ERROR SUMMARY: 0 errors from 0 contexts (suppressed: 0 from 0)
==9904== 
==9904== HEAP SUMMARY:
==9904==     in use at exit: 4,072 bytes in 89 blocks
==9904==   total heap usage: 113 allocs, 24 frees, 4,764 bytes allocated
==9904== 
==9904== LEAK SUMMARY:
==9904==    definitely lost: 0 bytes in 0 blocks
==9904==    indirectly lost: 0 bytes in 0 blocks
==9904==      possibly lost: 0 bytes in 0 blocks
==9904==    still reachable: 4,072 bytes in 89 blocks
==9904==         suppressed: 0 bytes in 0 blocks
==9904== Rerun with --leak-check=full to see details of leaked memory
==9904== 
==9904== For lists of detected and suppressed errors, rerun with: -s
==9904== ERROR SUMMARY: 0 errors from 0 contexts (suppressed: 0 from 0)
==9902== 
==9902== HEAP SUMMARY:
==9902==     in use at exit: 4,072 bytes in 89 blocks
==9902==   total heap usage: 113 allocs, 24 frees, 4,764 bytes allocated
==9902== 
==9902== LEAK SUMMARY:
==9902==    definitely lost: 0 bytes in 0 blocks
==9902==    indirectly lost: 0 bytes in 0 blocks
==9902==      possibly lost: 0 bytes in 0 blocks
==9902==    still reachable: 4,072 bytes in 89 blocks
==9902==         suppressed: 0 bytes in 0 blocks
==9902== Rerun with --leak-check=full to see details of leaked memory
==9902== 
==9902== For lists of detected and suppressed errors, rerun with: -s
==9902== ERROR SUMMARY: 0 errors from 0 contexts (suppressed: 0 from 0)
==9905== 
==9905== HEAP SUMMARY:
==9905==     in use at exit: 4,072 bytes in 89 blocks
==9905==   total heap usage: 113 allocs, 24 frees, 4,764 bytes allocated
==9905== 
==9905== LEAK SUMMARY:
==9905==    definitely lost: 0 bytes in 0 blocks
==9905==    indirectly lost: 0 bytes in 0 blocks
==9905==      possibly lost: 0 bytes in 0 blocks
==9905==    still reachable: 4,072 bytes in 89 blocks
==9905==         suppressed: 0 bytes in 0 blocks
==9905== Rerun with --leak-check=full to see details of leaked memory
==9905== 
==9905== For lists of detected and suppressed errors, rerun with: -s
==9905== ERROR SUMMARY: 0 errors from 0 contexts (suppressed: 0 from 0)
==9900== 
==9900== HEAP SUMMARY:
==9900==     in use at exit: 4,072 bytes in 89 blocks
==9900==   total heap usage: 119 allocs, 30 frees, 4,876 bytes allocated
==9900== 
==9900== LEAK SUMMARY:
==9900==    definitely lost: 0 bytes in 0 blocks
==9900==    indirectly lost: 0 bytes in 0 blocks
==9900==      possibly lost: 0 bytes in 0 blocks
==9900==    still reachable: 4,072 bytes in 89 blocks
==9900==         suppressed: 0 bytes in 0 blocks
==9900== Rerun with --leak-check=full to see details of leaked memory
==9900== 
==9900== For lists of detected and suppressed errors, rerun with: -s
==9900== ERROR SUMMARY: 0 errors from 0 contexts (suppressed: 0 from 0)
==9907== 
==9907== HEAP SUMMARY:
==9907==     in use at exit: 4,072 bytes in 89 blocks
==9907==   total heap usage: 113 allocs, 24 frees, 4,764 bytes allocated
==9907== 
==9907== LEAK SUMMARY:
==9907==    definitely lost: 0 bytes in 0 blocks
==9907==    indirectly lost: 0 bytes in 0 blocks
==9907==      possibly lost: 0 bytes in 0 blocks
==9907==    still reachable: 4,072 bytes in 89 blocks
==9907==         suppressed: 0 bytes in 0 blocks
==9907== Rerun with --leak-check=full to see details of leaked memory
==9907== 
==9907== For lists of detected and suppressed errors, rerun with: -s
==9907== ERROR SUMMARY: 0 errors from 0 contexts (suppressed: 0 from 0)
==9911== 
==9911== HEAP SUMMARY:
==9911==     in use at exit: 4,072 bytes in 89 blocks
==9911==   total heap usage: 113 allocs, 24 frees, 4,764 bytes allocated
==9911== 
==9906== 
==9906== HEAP SUMMARY:
==9906==     in use at exit: 4,072 bytes in 89 blocks
==9906==   total heap usage: 119 allocs, 30 frees, 4,876 bytes allocated
==9906== 
==9906== LEAK SUMMARY:
==9911== LEAK SUMMARY:
==9911==    definitely lost: 0 bytes in 0 blocks
==9906==    definitely lost: 0 bytes in 0 blocks
==9906==    indirectly lost: 0 bytes in 0 blocks
==9906==      possibly lost: 0 bytes in 0 blocks
==9906==    still reachable: 4,072 bytes in 89 blocks
==9906==         suppressed: 0 bytes in 0 blocks
==9906== Rerun with --leak-check=full to see details of leaked memory
==9906== 
==9906== For lists of detected and suppressed errors, rerun with: -s
==9906== ERROR SUMMARY: 0 errors from 0 contexts (suppressed: 0 from 0)
==9911==    indirectly lost: 0 bytes in 0 blocks
==9911==      possibly lost: 0 bytes in 0 blocks
==9911==    still reachable: 4,072 bytes in 89 blocks
==9911==         suppressed: 0 bytes in 0 blocks
==9911== Rerun with --leak-check=full to see details of leaked memory
==9911== 
==9911== For lists of detected and suppressed errors, rerun with: -s
==9911== ERROR SUMMARY: 0 errors from 0 contexts (suppressed: 0 from 0)
==9908== 
==9908== HEAP SUMMARY:
==9908==     in use at exit: 4,072 bytes in 89 blocks
==9908==   total heap usage: 119 allocs, 30 frees, 4,876 bytes allocated
==9908== 
==9908== LEAK SUMMARY:
==9908==    definitely lost: 0 bytes in 0 blocks
==9908==    indirectly lost: 0 bytes in 0 blocks
==9908==      possibly lost: 0 bytes in 0 blocks
==9908==    still reachable: 4,072 bytes in 89 blocks
==9908==         suppressed: 0 bytes in 0 blocks
==9908== Rerun with --leak-check=full to see details of leaked memory
==9908== 
==9908== For lists of detected and suppressed errors, rerun with: -s
==9908== ERROR SUMMARY: 0 errors from 0 contexts (suppressed: 0 from 0)
==9917== 
==9917== HEAP SUMMARY:
==9917==     in use at exit: 4,072 bytes in 89 blocks
==9917==   total heap usage: 113 allocs, 24 frees, 4,764 bytes allocated
==9917== 
==9917== LEAK SUMMARY:
==9917==    definitely lost: 0 bytes in 0 blocks
==9917==    indirectly lost: 0 bytes in 0 blocks
==9917==      possibly lost: 0 bytes in 0 blocks
==9917==    still reachable: 4,072 bytes in 89 blocks
==9917==         suppressed: 0 bytes in 0 blocks
==9917== Rerun with --leak-check=full to see details of leaked memory
==9917== 
==9917== For lists of detected and suppressed errors, rerun with: -s
==9917== ERROR SUMMARY: 0 errors from 0 contexts (suppressed: 0 from 0)
==9901== 
==9901== HEAP SUMMARY:
==9901==     in use at exit: 4,072 bytes in 89 blocks
==9901==   total heap usage: 119 allocs, 30 frees, 4,876 bytes allocated
==9901== 
==9901== LEAK SUMMARY:
==9901==    definitely lost: 0 bytes in 0 blocks
==9901==    indirectly lost: 0 bytes in 0 blocks
==9901==      possibly lost: 0 bytes in 0 blocks
==9901==    still reachable: 4,072 bytes in 89 blocks
==9901==         suppressed: 0 bytes in 0 blocks
==9901== Rerun with --leak-check=full to see details of leaked memory
==9901== 
==9901== For lists of detected and suppressed errors, rerun with: -s
==9901== ERROR SUMMARY: 0 errors from 0 contexts (suppressed: 0 from 0)
==9895== 
==9895== HEAP SUMMARY:
==9895==     in use at exit: 8 bytes in 1 blocks
==9895==   total heap usage: 110 allocs, 109 frees, 4,708 bytes allocated
==9895== 
==9895== LEAK SUMMARY:
==9895==    definitely lost: 0 bytes in 0 blocks
==9895==    indirectly lost: 0 bytes in 0 blocks
==9895==      possibly lost: 0 bytes in 0 blocks
==9895==    still reachable: 8 bytes in 1 blocks
==9895==         suppressed: 0 bytes in 0 blocks
==9895== Rerun with --leak-check=full to see details of leaked memory
==9895== 
==9895== For lists of detected and suppressed errors, rerun with: -s
==9895== ERROR SUMMARY: 0 errors from 0 contexts (suppressed: 0 from 0)
